#
# There is insufficient memory for the Java Runtime Environment to continue.
# Native memory allocation (malloc) failed to allocate 1330896 bytes for Chunk::new
# Possible reasons:
#   The system is out of physical RAM or swap space
#   In 32 bit mode, the process size limit was hit
# Possible solutions:
#   Reduce memory load on the system
#   Increase physical memory or swap space
#   Check if swap backing store is full
#   Use 64 bit Java on a 64 bit OS
#   Decrease Java heap size (-Xmx/-Xms)
#   Decrease number of Java threads
#   Decrease Java thread stack sizes (-Xss)
#   Set larger code cache with -XX:ReservedCodeCacheSize=
# This output file may be truncated or incomplete.
#
#  Out of Memory Error (allocation.cpp:390), pid=9184, tid=0x0000000000002904
#
# JRE version: OpenJDK Runtime Environment (8.0_76-b03) (build 1.8.0_76-release-b03)
# Java VM: OpenJDK 64-Bit Server VM (25.76-b03 mixed mode windows-amd64 compressed oops)
# Failed to write core dump. Minidumps are not enabled by default on client versions of Windows
#

---------------  T H R E A D  ---------------

Current thread (0x0000000018e3b000):  JavaThread "C2 CompilerThread2" daemon [_thread_in_native, id=10500, stack(0x0000000019800000,0x0000000019900000)]

Stack: [0x0000000019800000,0x0000000019900000]
[error occurred during error reporting (printing stack bounds), id 0xc0000005]

Native frames: (J=compiled Java code, j=interpreted, Vv=VM code, C=native code)


Current CompileTask:
C2:  12227 3350       4       java.net.URLClassLoader$1::run (5 bytes)


---------------  P R O C E S S  ---------------

Java Threads: ( => current thread )
  0x000000001affa000 JavaThread "File lock request listener" [_thread_in_native, id=12368, stack(0x000000001d9f0000,0x000000001daf0000)]
  0x000000001aaaf000 JavaThread "Stdin handler" [_thread_blocked, id=3176, stack(0x000000001c220000,0x000000001c320000)]
  0x000000001aaae000 JavaThread "Asynchronous log dispatcher for org.gradle.launcher.daemon.server.DefaultDaemonConnection@2c5abb2d" [_thread_blocked, id=7152, stack(0x000000001c120000,0x000000001c220000)]
  0x000000001aa27800 JavaThread "Daemon worker" [_thread_in_vm, id=11108, stack(0x000000001c020000,0x000000001c120000)]
  0x000000001aa18000 JavaThread "Cancel handler" [_thread_blocked, id=11076, stack(0x000000001bf20000,0x000000001c020000)]
  0x000000001a953000 JavaThread "Handler for socket connection from /127.0.0.1:64234 to /127.0.0.1:64235" [_thread_in_native, id=10176, stack(0x000000001be20000,0x000000001bf20000)]
  0x000000001a950000 JavaThread "Daemon" [_thread_blocked, id=6956, stack(0x000000001bd20000,0x000000001be20000)]
  0x000000001a9ce000 JavaThread "pool-1-thread-1" [_thread_blocked, id=6752, stack(0x000000001bc20000,0x000000001bd20000)]
  0x000000001a9ec800 JavaThread "Incoming local TCP Connector on port 64234" [_thread_in_native, id=9728, stack(0x000000001a400000,0x000000001a500000)]
  0x0000000018e49000 JavaThread "Service Thread" daemon [_thread_blocked, id=1492, stack(0x0000000019a00000,0x0000000019b00000)]
  0x0000000018e41800 JavaThread "C1 CompilerThread3" daemon [_thread_blocked, id=2708, stack(0x0000000019900000,0x0000000019a00000)]
=>0x0000000018e3b000 JavaThread "C2 CompilerThread2" daemon [_thread_in_native, id=10500, stack(0x0000000019800000,0x0000000019900000)]
  0x0000000018e39000 JavaThread "C2 CompilerThread1" daemon [_thread_in_native, id=6728, stack(0x0000000019700000,0x0000000019800000)]
  0x0000000018e36800 JavaThread "C2 CompilerThread0" daemon [_thread_in_native, id=8824, stack(0x0000000019600000,0x0000000019700000)]
  0x0000000018e33800 JavaThread "Attach Listener" daemon [_thread_blocked, id=5348, stack(0x0000000019500000,0x0000000019600000)]
  0x0000000018e32000 JavaThread "Signal Dispatcher" daemon [_thread_blocked, id=2784, stack(0x0000000019400000,0x0000000019500000)]
  0x0000000018e30800 JavaThread "Finalizer" daemon [_thread_blocked, id=11592, stack(0x0000000019210000,0x0000000019310000)]
  0x0000000016f3b800 JavaThread "Reference Handler" daemon [_thread_blocked, id=9436, stack(0x0000000018d10000,0x0000000018e10000)]
  0x0000000003080800 JavaThread "main" [_thread_blocked, id=9440, stack(0x0000000002f80000,0x0000000003080000)]

Other Threads:
  0x0000000016f35800 VMThread [stack: 0x0000000018c10000,0x0000000018d10000] [id=128]
  0x0000000018e4a000 WatcherThread [stack: 0x0000000019b00000,0x0000000019c00000] [id=5612]

VM state:not at safepoint (normal execution)

VM Mutex/Monitor currently owned by a thread:  ([mutex/lock_event])
[0x000000000174c230] SymbolTable_lock - owner thread: 0x0000000000000000

Heap:
 PSYoungGen      total 74240K, used 57372K [0x00000000e0000000, 0x00000000e5100000, 0x0000000100000000)
  eden space 65536K, 77% used [0x00000000e0000000,0x00000000e31bff38,0x00000000e4000000)
  from space 8704K, 73% used [0x00000000e4880000,0x00000000e4ec73a0,0x00000000e5100000)
  to   space 8704K, 0% used [0x00000000e4000000,0x00000000e4000000,0x00000000e4880000)
 ParOldGen       total 40448K, used 8636K [0x00000000a0000000, 0x00000000a2780000, 0x00000000e0000000)
  object space 40448K, 21% used [0x00000000a0000000,0x00000000a086f218,0x00000000a2780000)
 Metaspace       used 31411K, capacity 32068K, committed 32432K, reserved 1077248K
  class space    used 4250K, capacity 4459K, committed 4528K, reserved 1048576K

Card table byte_map: [0x0000000012540000,0x0000000012850000] byte_map_base: 0x0000000012040000

Marking Bits: (ParMarkBitMap*) 0x000000006b209d00
 Begin Bits: [0x0000000013250000, 0x0000000014a50000)
 End Bits:   [0x0000000014a50000, 0x0000000016250000)

Polling page: 0x0000000000df0000

CodeCache: size=245760Kb used=12015Kb max_used=12015Kb free=233744Kb
 bounds [0x0000000003180000, 0x0000000003d50000, 0x0000000012180000]
 total_blobs=3864 nmethods=3213 adapters=564
 compilation: enabled

Compilation events (10 events):
Event: 12.211 Thread 0x0000000018e41800 3404       3       sun.invoke.util.VerifyType::isNullConversion (157 bytes)
Event: 12.212 Thread 0x0000000018e41800 nmethod 3404 0x0000000003d40610 code [0x0000000003d40900, 0x0000000003d428b8]
Event: 12.212 Thread 0x0000000018e41800 3405       3       sun.security.provider.SHA2::lf_S (11 bytes)
Event: 12.212 Thread 0x0000000018e41800 nmethod 3405 0x0000000003d34b90 code [0x0000000003d34ce0, 0x0000000003d34e30]
Event: 12.212 Thread 0x0000000018e41800 3402       3       java.lang.invoke.LambdaForm::internArgument (84 bytes)
Event: 12.212 Thread 0x0000000018e41800 nmethod 3402 0x0000000003d34310 code [0x0000000003d344a0, 0x0000000003d34908]
Event: 12.212 Thread 0x0000000018e41800 3400       3       java.lang.invoke.MemberName::getName (25 bytes)
Event: 12.212 Thread 0x0000000018e41800 nmethod 3400 0x0000000003d33c50 code [0x0000000003d33de0, 0x0000000003d34208]
Event: 12.212 Thread 0x0000000018e41800 3399       3       java.lang.invoke.MethodType::insertParameterTypes (106 bytes)
Event: 12.213 Thread 0x0000000018e41800 nmethod 3399 0x0000000003d42f90 code [0x0000000003d43240, 0x0000000003d44548]

GC Heap History (10 events):
Event: 3.941 GC heap before
{Heap before GC invocations=5 (full 0):
 PSYoungGen      total 35328K, used 35296K [0x00000000e0000000, 0x00000000e2500000, 0x0000000100000000)
  eden space 32768K, 100% used [0x00000000e0000000,0x00000000e2000000,0x00000000e2000000)
  from space 2560K, 98% used [0x00000000e2280000,0x00000000e24f8020,0x00000000e2500000)
  to   space 2560K, 0% used [0x00000000e2000000,0x00000000e2000000,0x00000000e2280000)
 ParOldGen       total 44032K, used 4260K [0x00000000a0000000, 0x00000000a2b00000, 0x00000000e0000000)
  object space 44032K, 9% used [0x00000000a0000000,0x00000000a04291f0,0x00000000a2b00000)
 Metaspace       used 18773K, capacity 19168K, committed 19328K, reserved 1067008K
  class space    used 2520K, capacity 2669K, committed 2688K, reserved 1048576K
Event: 3.962 GC heap after
Heap after GC invocations=5 (full 0):
 PSYoungGen      total 35328K, used 2560K [0x00000000e0000000, 0x00000000e5100000, 0x0000000100000000)
  eden space 32768K, 0% used [0x00000000e0000000,0x00000000e0000000,0x00000000e2000000)
  from space 2560K, 100% used [0x00000000e2000000,0x00000000e2280000,0x00000000e2280000)
  to   space 8704K, 0% used [0x00000000e4880000,0x00000000e4880000,0x00000000e5100000)
 ParOldGen       total 44032K, used 10286K [0x00000000a0000000, 0x00000000a2b00000, 0x00000000e0000000)
  object space 44032K, 23% used [0x00000000a0000000,0x00000000a0a0ba90,0x00000000a2b00000)
 Metaspace       used 18773K, capacity 19168K, committed 19328K, reserved 1067008K
  class space    used 2520K, capacity 2669K, committed 2688K, reserved 1048576K
}
Event: 5.058 GC heap before
{Heap before GC invocations=6 (full 0):
 PSYoungGen      total 35328K, used 23197K [0x00000000e0000000, 0x00000000e5100000, 0x0000000100000000)
  eden space 32768K, 62% used [0x00000000e0000000,0x00000000e14276c8,0x00000000e2000000)
  from space 2560K, 100% used [0x00000000e2000000,0x00000000e2280000,0x00000000e2280000)
  to   space 8704K, 0% used [0x00000000e4880000,0x00000000e4880000,0x00000000e5100000)
 ParOldGen       total 44032K, used 10286K [0x00000000a0000000, 0x00000000a2b00000, 0x00000000e0000000)
  object space 44032K, 23% used [0x00000000a0000000,0x00000000a0a0ba90,0x00000000a2b00000)
 Metaspace       used 20791K, capacity 21198K, committed 21296K, reserved 1067008K
  class space    used 2708K, capacity 2825K, committed 2864K, reserved 1048576K
Event: 5.069 GC heap after
Heap after GC invocations=6 (full 0):
 PSYoungGen      total 74240K, used 5433K [0x00000000e0000000, 0x00000000e5100000, 0x0000000100000000)
  eden space 65536K, 0% used [0x00000000e0000000,0x00000000e0000000,0x00000000e4000000)
  from space 8704K, 62% used [0x00000000e4880000,0x00000000e4dce478,0x00000000e5100000)
  to   space 8704K, 0% used [0x00000000e4000000,0x00000000e4000000,0x00000000e4880000)
 ParOldGen       total 44032K, used 10294K [0x00000000a0000000, 0x00000000a2b00000, 0x00000000e0000000)
  object space 44032K, 23% used [0x00000000a0000000,0x00000000a0a0da90,0x00000000a2b00000)
 Metaspace       used 20791K, capacity 21198K, committed 21296K, reserved 1067008K
  class space    used 2708K, capacity 2825K, committed 2864K, reserved 1048576K
}
Event: 5.069 GC heap before
{Heap before GC invocations=7 (full 1):
 PSYoungGen      total 74240K, used 5433K [0x00000000e0000000, 0x00000000e5100000, 0x0000000100000000)
  eden space 65536K, 0% used [0x00000000e0000000,0x00000000e0000000,0x00000000e4000000)
  from space 8704K, 62% used [0x00000000e4880000,0x00000000e4dce478,0x00000000e5100000)
  to   space 8704K, 0% used [0x00000000e4000000,0x00000000e4000000,0x00000000e4880000)
 ParOldGen       total 44032K, used 10294K [0x00000000a0000000, 0x00000000a2b00000, 0x00000000e0000000)
  object space 44032K, 23% used [0x00000000a0000000,0x00000000a0a0da90,0x00000000a2b00000)
 Metaspace       used 20791K, capacity 21198K, committed 21296K, reserved 1067008K
  class space    used 2708K, capacity 2825K, committed 2864K, reserved 1048576K
Event: 5.266 GC heap after
Heap after GC invocations=7 (full 1):
 PSYoungGen      total 74240K, used 0K [0x00000000e0000000, 0x00000000e5100000, 0x0000000100000000)
  eden space 65536K, 0% used [0x00000000e0000000,0x00000000e0000000,0x00000000e4000000)
  from space 8704K, 0% used [0x00000000e4880000,0x00000000e4880000,0x00000000e5100000)
  to   space 8704K, 0% used [0x00000000e4000000,0x00000000e4000000,0x00000000e4880000)
 ParOldGen       total 40448K, used 8620K [0x00000000a0000000, 0x00000000a2780000, 0x00000000e0000000)
  object space 40448K, 21% used [0x00000000a0000000,0x00000000a086b218,0x00000000a2780000)
 Metaspace       used 20791K, capacity 21198K, committed 21296K, reserved 1067008K
  class space    used 2708K, capacity 2825K, committed 2864K, reserved 1048576K
}
Event: 6.786 GC heap before
{Heap before GC invocations=8 (full 1):
 PSYoungGen      total 74240K, used 65536K [0x00000000e0000000, 0x00000000e5100000, 0x0000000100000000)
  eden space 65536K, 100% used [0x00000000e0000000,0x00000000e4000000,0x00000000e4000000)
  from space 8704K, 0% used [0x00000000e4880000,0x00000000e4880000,0x00000000e5100000)
  to   space 8704K, 0% used [0x00000000e4000000,0x00000000e4000000,0x00000000e4880000)
 ParOldGen       total 40448K, used 8620K [0x00000000a0000000, 0x00000000a2780000, 0x00000000e0000000)
  object space 40448K, 21% used [0x00000000a0000000,0x00000000a086b218,0x00000000a2780000)
 Metaspace       used 25885K, capacity 26440K, committed 26544K, reserved 1073152K
  class space    used 3561K, capacity 3712K, committed 3760K, reserved 1048576K
Event: 6.793 GC heap after
Heap after GC invocations=8 (full 1):
 PSYoungGen      total 74240K, used 7752K [0x00000000e0000000, 0x00000000e5100000, 0x0000000100000000)
  eden space 65536K, 0% used [0x00000000e0000000,0x00000000e0000000,0x00000000e4000000)
  from space 8704K, 89% used [0x00000000e4000000,0x00000000e4792280,0x00000000e4880000)
  to   space 8704K, 0% used [0x00000000e4880000,0x00000000e4880000,0x00000000e5100000)
 ParOldGen       total 40448K, used 8628K [0x00000000a0000000, 0x00000000a2780000, 0x00000000e0000000)
  object space 40448K, 21% used [0x00000000a0000000,0x00000000a086d218,0x00000000a2780000)
 Metaspace       used 25885K, capacity 26440K, committed 26544K, reserved 1073152K
  class space    used 3561K, capacity 3712K, committed 3760K, reserved 1048576K
}
Event: 8.714 GC heap before
{Heap before GC invocations=9 (full 1):
 PSYoungGen      total 74240K, used 73288K [0x00000000e0000000, 0x00000000e5100000, 0x0000000100000000)
  eden space 65536K, 100% used [0x00000000e0000000,0x00000000e4000000,0x00000000e4000000)
  from space 8704K, 89% used [0x00000000e4000000,0x00000000e4792280,0x00000000e4880000)
  to   space 8704K, 0% used [0x00000000e4880000,0x00000000e4880000,0x00000000e5100000)
 ParOldGen       total 40448K, used 8628K [0x00000000a0000000, 0x00000000a2780000, 0x00000000e0000000)
  object space 40448K, 21% used [0x00000000a0000000,0x00000000a086d218,0x00000000a2780000)
 Metaspace       used 28221K, capacity 28800K, committed 29104K, reserved 1075200K
  class space    used 3859K, capacity 4004K, committed 4016K, reserved 1048576K
Event: 8.719 GC heap after
Heap after GC invocations=9 (full 1):
 PSYoungGen      total 74240K, used 6428K [0x00000000e0000000, 0x00000000e5100000, 0x0000000100000000)
  eden space 65536K, 0% used [0x00000000e0000000,0x00000000e0000000,0x00000000e4000000)
  from space 8704K, 73% used [0x00000000e4880000,0x00000000e4ec73a0,0x00000000e5100000)
  to   space 8704K, 0% used [0x00000000e4000000,0x00000000e4000000,0x00000000e4880000)
 ParOldGen       total 40448K, used 8636K [0x00000000a0000000, 0x00000000a2780000, 0x00000000e0000000)
  object space 40448K, 21% used [0x00000000a0000000,0x00000000a086f218,0x00000000a2780000)
 Metaspace       used 28221K, capacity 28800K, committed 29104K, reserved 1075200K
  class space    used 3859K, capacity 4004K, committed 4016K, reserved 1048576K
}

Deoptimization events (10 events):
Event: 8.101 Thread 0x000000001aa27800 Uncommon trap: reason=unstable_if action=reinterpret pc=0x0000000003bfa780 method=org.apache.xerces.impl.XMLEntityScanner.scanContent(Lorg/apache/xerces/xni/XMLString;)I @ 684
Event: 8.640 Thread 0x000000001aa27800 Uncommon trap: reason=unstable_if action=reinterpret pc=0x0000000003b1c1c0 method=org.apache.xerces.impl.io.UTF8Reader.read([CII)I @ 123
Event: 8.672 Thread 0x000000001aa27800 Uncommon trap: reason=unstable_if action=reinterpret pc=0x0000000003c4e520 method=org.apache.xerces.impl.XMLEntityScanner.scanData(Ljava/lang/String;Lorg/apache/xerces/util/XMLStringBuffer;)Z @ 673
Event: 9.233 Thread 0x000000001aa27800 Uncommon trap: reason=unstable_if action=reinterpret pc=0x0000000003befdfc method=org.apache.xerces.impl.XMLEntityScanner.skipSpaces()Z @ 70
Event: 11.830 Thread 0x000000001aa27800 Uncommon trap: reason=class_check action=maybe_recompile pc=0x00000000037151a8 method=java.lang.ref.ReferenceQueue.reallyPoll()Ljava/lang/ref/Reference; @ 52
Event: 11.838 Thread 0x000000001aaae000 Uncommon trap: reason=unstable_if action=reinterpret pc=0x0000000003c91fbc method=com.esotericsoftware.kryo.io.Output.writeString(Ljava/lang/CharSequence;)V @ 1
Event: 12.150 Thread 0x000000001aa27800 Uncommon trap: reason=unstable_if action=reinterpret pc=0x0000000003be5b40 method=java.util.Hashtable.containsKey(Ljava/lang/Object;)Z @ 36
Event: 12.211 Thread 0x000000001aa27800 Uncommon trap: reason=bimorphic action=maybe_recompile pc=0x0000000003ccba58 method=java.security.MessageDigest$Delegate.engineUpdate([BII)V @ 7
Event: 12.211 Thread 0x000000001aa27800 Uncommon trap: reason=bimorphic action=maybe_recompile pc=0x0000000003ccba58 method=java.security.MessageDigest$Delegate.engineUpdate([BII)V @ 7
Event: 12.211 Thread 0x000000001aa27800 Uncommon trap: reason=bimorphic action=maybe_recompile pc=0x0000000003cc5c0c method=sun.security.provider.DigestBase.engineUpdate([BII)V @ 128

Internal exceptions (10 events):
Event: 11.829 Thread 0x000000001aa27800 Exception <a 'java/lang/ClassNotFoundException': org/gradle/api/DefaultTaskBeanInfo> (0x00000000e1f64880) thrown at [C:\src\android\AOSP-openjdk\external\jetbrains\jdk\hotspot\src\share\vm\classfile\systemDictionary.cpp, line 210]
Event: 11.829 Thread 0x000000001aa27800 Exception <a 'java/lang/ClassNotFoundException': org/gradle/api/internal/AbstractTaskBeanInfo> (0x00000000e1f864e0) thrown at [C:\src\android\AOSP-openjdk\external\jetbrains\jdk\hotspot\src\share\vm\classfile\systemDictionary.cpp, line 210]
Event: 11.830 Thread 0x000000001aa27800 Exception <a 'java/lang/ClassNotFoundException': org/gradle/api/internal/AbstractTaskCustomizer> (0x00000000e1fa8ab0) thrown at [C:\src\android\AOSP-openjdk\external\jetbrains\jdk\hotspot\src\share\vm\classfile\systemDictionary.cpp, line 210]
Event: 11.832 Thread 0x000000001aa27800 Exception <a 'java/lang/ClassNotFoundException': org/gradle/api/DefaultTaskCustomizer> (0x00000000e2023b08) thrown at [C:\src\android\AOSP-openjdk\external\jetbrains\jdk\hotspot\src\share\vm\classfile\systemDictionary.cpp, line 210]
Event: 11.833 Thread 0x000000001aa27800 Exception <a 'java/lang/ClassNotFoundException': org/gradle/api/internal/ConventionTaskCustomizer> (0x00000000e2054f20) thrown at [C:\src\android\AOSP-openjdk\external\jetbrains\jdk\hotspot\src\share\vm\classfile\systemDictionary.cpp, line 210]
Event: 11.834 Thread 0x000000001aa27800 Exception <a 'java/lang/ClassNotFoundException': org/gradle/api/tasks/DeleteCustomizer> (0x00000000e2084af0) thrown at [C:\src\android\AOSP-openjdk\external\jetbrains\jdk\hotspot\src\share\vm\classfile\systemDictionary.cpp, line 210]
Event: 11.835 Thread 0x000000001aa27800 Exception <a 'java/lang/ClassNotFoundException': org/gradle/api/tasks/Delete_DecoratedCustomizer> (0x00000000e20bdac8) thrown at [C:\src\android\AOSP-openjdk\external\jetbrains\jdk\hotspot\src\share\vm\classfile\systemDictionary.cpp, line 210]
Event: 11.838 Thread 0x000000001aaae000 Implicit null exception at 0x0000000003c91cf0 to 0x0000000003c91fa9
Event: 11.968 Thread 0x000000001aa27800 Exception <a 'java/lang/ClassNotFoundException': build_anlanslbzcu32go42im130g16BeanInfo> (0x00000000e2186598) thrown at [C:\src\android\AOSP-openjdk\external\jetbrains\jdk\hotspot\src\share\vm\classfile\systemDictionary.cpp, line 210]
Event: 11.968 Thread 0x000000001aa27800 Exception <a 'java/lang/ClassNotFoundException': build_anlanslbzcu32go42im130g16Customizer> (0x00000000e2195560) thrown at [C:\src\android\AOSP-openjdk\external\jetbrains\jdk\hotspot\src\share\vm\classfile\systemDictionary.cpp, line 210]

Events (10 events):
Event: 12.214 loading class com/android/builder/profile/Recorder
Event: 12.214 loading class com/android/builder/profile/Recorder done
Event: 12.214 loading class com/android/builder/profile/Recorder$1
Event: 12.214 loading class com/android/builder/profile/Recorder$1 done
Event: 12.214 loading class com/android/builder/profile/ThreadRecorder$2
Event: 12.214 loading class com/android/builder/profile/ThreadRecorder$2 done
Event: 12.215 loading class com/android/builder/profile/ThreadRecorder$1
Event: 12.215 loading class com/android/builder/profile/ThreadRecorder$1 done
Event: 12.215 loading class com/android/build/gradle/internal/profile/ProfilerInitializer$1
Event: 12.215 loading class com/android/build/gradle/internal/profile/ProfilerInitializer$1 done


Dynamic libraries:
0x00007ff76ea80000 - 0x00007ff76eab1000 	C:\Program Files\Android\Android Studio\jre\bin\java.exe
0x00007ff9ceb40000 - 0x00007ff9ced1b000 	C:\WINDOWS\SYSTEM32\ntdll.dll
0x00007ff9cea90000 - 0x00007ff9ceb3e000 	C:\WINDOWS\System32\KERNEL32.DLL
0x00007ff9cbdb0000 - 0x00007ff9cbff9000 	C:\WINDOWS\System32\KERNELBASE.dll
0x00007ff9cdf60000 - 0x00007ff9ce001000 	C:\WINDOWS\System32\ADVAPI32.dll
0x00007ff9cc230000 - 0x00007ff9cc2cd000 	C:\WINDOWS\System32\msvcrt.dll
0x00007ff9cc830000 - 0x00007ff9cc889000 	C:\WINDOWS\System32\sechost.dll
0x00007ff9ce280000 - 0x00007ff9ce3a5000 	C:\WINDOWS\System32\RPCRT4.dll
0x00007ff9ce8e0000 - 0x00007ff9cea2a000 	C:\WINDOWS\System32\USER32.dll
0x00007ff9cb400000 - 0x00007ff9cb41e000 	C:\WINDOWS\System32\win32u.dll
0x00007ff9ce240000 - 0x00007ff9ce267000 	C:\WINDOWS\System32\GDI32.dll
0x00007ff9cb1c0000 - 0x00007ff9cb349000 	C:\WINDOWS\System32\gdi32full.dll
0x00007ff9cc000000 - 0x00007ff9cc09a000 	C:\WINDOWS\System32\msvcp_win.dll
0x00007ff9cb0c0000 - 0x00007ff9cb1b6000 	C:\WINDOWS\System32\ucrtbase.dll
0x00007ff9bc210000 - 0x00007ff9bc477000 	C:\WINDOWS\WinSxS\amd64_microsoft.windows.common-controls_6595b64144ccf1df_6.0.15063.0_none_108e4f62dfe5d999\COMCTL32.dll
0x00007ff9cc2d0000 - 0x00007ff9cc5c9000 	C:\WINDOWS\System32\combase.dll
0x00007ff9cbd40000 - 0x00007ff9cbdaa000 	C:\WINDOWS\System32\bcryptPrimitives.dll
0x00007ff9cdf30000 - 0x00007ff9cdf5d000 	C:\WINDOWS\System32\IMM32.DLL
0x000000006a970000 - 0x000000006aa42000 	C:\Program Files\Android\Android Studio\jre\jre\bin\msvcr100.dll
0x000000006aa50000 - 0x000000006b284000 	C:\Program Files\Android\Android Studio\jre\jre\bin\server\jvm.dll
0x00007ff9ce270000 - 0x00007ff9ce278000 	C:\WINDOWS\System32\PSAPI.DLL
0x00007ff9b6350000 - 0x00007ff9b6359000 	C:\WINDOWS\SYSTEM32\WSOCK32.dll
0x00007ff9c8e20000 - 0x00007ff9c8e43000 	C:\WINDOWS\SYSTEM32\WINMM.dll
0x00007ff9ce7f0000 - 0x00007ff9ce85c000 	C:\WINDOWS\System32\WS2_32.dll
0x00007ff9ca0b0000 - 0x00007ff9ca0ba000 	C:\WINDOWS\SYSTEM32\VERSION.dll
0x00007ff9c8cc0000 - 0x00007ff9c8ceb000 	C:\WINDOWS\SYSTEM32\WINMMBASE.dll
0x00007ff9cb420000 - 0x00007ff9cb469000 	C:\WINDOWS\System32\cfgmgr32.dll
0x00007ff9c42c0000 - 0x00007ff9c42cf000 	C:\Program Files\Android\Android Studio\jre\jre\bin\verify.dll
0x00007ff9b3000000 - 0x00007ff9b3029000 	C:\Program Files\Android\Android Studio\jre\jre\bin\java.dll
0x00007ff9bc0b0000 - 0x00007ff9bc0c6000 	C:\Program Files\Android\Android Studio\jre\jre\bin\zip.dll
0x00007ff9cc9e0000 - 0x00007ff9cde17000 	C:\WINDOWS\System32\SHELL32.dll
0x00007ff9ce070000 - 0x00007ff9ce11a000 	C:\WINDOWS\System32\shcore.dll
0x00007ff9cb470000 - 0x00007ff9cbb62000 	C:\WINDOWS\System32\windows.storage.dll
0x00007ff9ce010000 - 0x00007ff9ce061000 	C:\WINDOWS\System32\shlwapi.dll
0x00007ff9cb020000 - 0x00007ff9cb031000 	C:\WINDOWS\System32\kernel.appcore.dll
0x00007ff9cafd0000 - 0x00007ff9cb01c000 	C:\WINDOWS\System32\powrprof.dll
0x00007ff9cafb0000 - 0x00007ff9cafc5000 	C:\WINDOWS\System32\profapi.dll
0x00007ff9bb5b0000 - 0x00007ff9bb5ca000 	C:\Program Files\Android\Android Studio\jre\jre\bin\net.dll
0x00007ff9ca860000 - 0x00007ff9ca8bc000 	C:\WINDOWS\system32\mswsock.dll
0x00007ff9ba0c0000 - 0x00007ff9ba0d1000 	C:\Program Files\Android\Android Studio\jre\jre\bin\nio.dll
0x00007ff9aec90000 - 0x00007ff9aeca2000 	C:\Users\Administrator\.gradle\native\19\windows-amd64\native-platform.dll
0x00007ff9caa00000 - 0x00007ff9caa17000 	C:\WINDOWS\SYSTEM32\CRYPTSP.dll
0x00007ff9ca480000 - 0x00007ff9ca4b4000 	C:\WINDOWS\system32\rsaenh.dll
0x00007ff9cab70000 - 0x00007ff9cab95000 	C:\WINDOWS\SYSTEM32\bcrypt.dll
0x00007ff9caeb0000 - 0x00007ff9caed9000 	C:\WINDOWS\SYSTEM32\USERENV.dll
0x00007ff9caa20000 - 0x00007ff9caa2b000 	C:\WINDOWS\SYSTEM32\CRYPTBASE.dll
0x00007ff9ca600000 - 0x00007ff9ca637000 	C:\WINDOWS\SYSTEM32\IPHLPAPI.DLL
0x00007ff9cc680000 - 0x00007ff9cc688000 	C:\WINDOWS\System32\NSI.dll
0x00007ff9c6110000 - 0x00007ff9c6126000 	C:\WINDOWS\SYSTEM32\dhcpcsvc6.DLL
0x00007ff9c6550000 - 0x00007ff9c656a000 	C:\WINDOWS\SYSTEM32\dhcpcsvc.DLL
0x00007ff9c7d70000 - 0x00007ff9c7d7d000 	C:\Program Files\Android\Android Studio\jre\jre\bin\management.dll

VM Arguments:
jvm_args: -Xmx1536m -Dfile.encoding=windows-1252 -Duser.country=IN -Duser.language=en -Duser.variant 
java_command: org.gradle.launcher.daemon.bootstrap.GradleDaemon 2.14.1
java_class_path (initial): C:\Program Files\Android\Android Studio\gradle\gradle-2.14.1\lib\gradle-launcher-2.14.1.jar
Launcher Type: SUN_STANDARD

Environment Variables:
PATH=C:\ProgramData\Oracle\Java\javapath;c:\Program Files (x86)\Intel\iCLS Client\;c:\Program Files\Intel\iCLS Client\;C:\WINDOWS\system32;C:\WINDOWS;C:\WINDOWS\System32\Wbem;C:\WINDOWS\System32\WindowsPowerShell\v1.0\;c:\Program Files (x86)\ATI Technologies\ATI.ACE\Core-Static;C:\Program Files\Intel\Intel(R) Management Engine Components\DAL;C:\Program Files\Intel\Intel(R) Management Engine Components\IPT;C:\Program Files (x86)\Intel\Intel(R) Management Engine Components\DAL;C:\Program Files (x86)\Intel\Intel(R) Management Engine Components\IPT;C:\Program Files\Intel\WiFi\bin\;C:\Program Files\Common Files\Intel\WirelessCommon\;C:\Program Files (x86)\Skype\Phone\;C:\Users\Administrator\AppData\Local\GitHub\PortableGit_f02737a78695063deace08e96d5042710d3e32db\cmd;C:\Program Files (x86)\Silverfrost\FTN95;C:\Users\Administrator\AppData\Local\Microsoft\WindowsApps;
USERNAME=Administrator
OS=Windows_NT
PROCESSOR_IDENTIFIER=Intel64 Family 6 Model 60 Stepping 3, GenuineIntel



---------------  S Y S T E M  ---------------

OS: Windows 10.0 , 64 bit Build 15063 (10.0.15063.0)

CPU:total 8 (4 cores per cpu, 2 threads per core) family 6 model 60 stepping 3, cmov, cx8, fxsr, mmx, sse, sse2, sse3, ssse3, sse4.1, sse4.2, popcnt, avx, avx2, aes, clmul, erms, lzcnt, ht, tsc, tscinvbit, bmi1, bmi2

Memory: 4k page, physical 4072556k(660940k free), swap 8266860k(5316k free)

vm_info: OpenJDK 64-Bit Server VM (25.76-b03) for windows-amd64 JRE (1.8.0_76-release-b03), built on Jun 29 2016 19:09:20 by "ralucas" with MS VC++ 10.0 (VS2010)

time: Fri Apr 21 22:11:36 2017
elapsed time: 12 seconds (0d 0h 0m 12s)

